<?xml version="1.0" encoding="UTF-8"?>
<!-- Generated by org.testng.reporters.JUnitXMLReporter -->
<testsuite hostname="INCDSZLP00340" ignored="9" name="Default test" tests="1" failures="0" timestamp="2020-08-04T13:35:39 IST" time="10.457" errors="0">
  <testcase name="ClickUplddwnldTest" time="0.744" classname="com.demoqa.qa.testcases.ElementPageTest"/>
  <testcase name="ClkTxtBoxPapaTest" time="0.0" classname="com.demoqa.qa.testcases.ElementPageTest">
    <ignored/>
  </testcase> <!-- ClkTxtBoxPapaTest -->
  <testcase name="ClickRdbtnTest" time="0.0" classname="com.demoqa.qa.testcases.ElementPageTest">
    <ignored/>
  </testcase> <!-- ClickRdbtnTest -->
  <testcase name="ClickWebTblsTest" time="0.0" classname="com.demoqa.qa.testcases.ElementPageTest">
    <ignored/>
  </testcase> <!-- ClickWebTblsTest -->
  <testcase name="HomePageTitleTestEle" time="0.0" classname="com.demoqa.qa.testcases.ElementPageTest">
    <ignored/>
  </testcase> <!-- HomePageTitleTestEle -->
  <testcase name="ClickChkBoxTest" time="0.0" classname="com.demoqa.qa.testcases.ElementPageTest">
    <ignored/>
  </testcase> <!-- ClickChkBoxTest -->
  <testcase name="ClkTxtBoxTest" time="0.0" classname="com.demoqa.qa.testcases.ElementPageTest">
    <ignored/>
  </testcase> <!-- ClkTxtBoxTest -->
  <testcase name="ClickLnksTest" time="0.0" classname="com.demoqa.qa.testcases.ElementPageTest">
    <ignored/>
  </testcase> <!-- ClickLnksTest -->
  <testcase name="ClickBttnsTest" time="0.0" classname="com.demoqa.qa.testcases.ElementPageTest">
    <ignored/>
  </testcase> <!-- ClickBttnsTest -->
  <testcase name="ClickDyncpropTest" time="0.0" classname="com.demoqa.qa.testcases.ElementPageTest">
    <ignored/>
  </testcase> <!-- ClickDyncpropTest -->
</testsuite> <!-- Default test -->
