<?xml version="1.0" encoding="UTF-8"?>
<testng-results skipped="0" failed="0" ignored="9" total="10" passed="1">
  <reporter-output>
  </reporter-output>
  <suite name="Default suite" duration-ms="10457" started-at="2020-08-04T13:35:28 IST" finished-at="2020-08-04T13:35:39 IST">
    <groups>
    </groups>
    <test name="Default test" duration-ms="10457" started-at="2020-08-04T13:35:28 IST" finished-at="2020-08-04T13:35:39 IST">
      <class name="com.demoqa.qa.testcases.ElementPageTest">
        <test-method status="PASS" signature="setUp()[pri:0, instance:com.demoqa.qa.testcases.ElementPageTest@7113b13f]" name="setUp" is-config="true" duration-ms="8793" started-at="2020-08-04T13:35:28 IST" finished-at="2020-08-04T13:35:37 IST">
          <reporter-output>
          </reporter-output>
        </test-method> <!-- setUp -->
        <test-method status="PASS" signature="ClickUplddwnldTest()[pri:9, instance:com.demoqa.qa.testcases.ElementPageTest@7113b13f]" name="ClickUplddwnldTest" duration-ms="744" started-at="2020-08-04T13:35:37 IST" finished-at="2020-08-04T13:35:38 IST">
          <reporter-output>
          </reporter-output>
        </test-method> <!-- ClickUplddwnldTest -->
        <test-method status="PASS" signature="teardown()[pri:0, instance:com.demoqa.qa.testcases.ElementPageTest@7113b13f]" name="teardown" is-config="true" duration-ms="874" started-at="2020-08-04T13:35:38 IST" finished-at="2020-08-04T13:35:39 IST">
          <reporter-output>
          </reporter-output>
        </test-method> <!-- teardown -->
      </class> <!-- com.demoqa.qa.testcases.ElementPageTest -->
    </test> <!-- Default test -->
  </suite> <!-- Default suite -->
</testng-results>
